Displaying
bc:left_down_bdc_right_down_qin | objectfunc:left_up | Vforce:0.00000 | delta_x:0.00500 | volfrac:0.18000
Emin:66.66667 | E0:13333.33333 | gamma:0.000000 | tau:0.00500 | lambda:1.00000 | w:4.00000 | gamma1:3.00000 | gamma2:1.50000
 It.:    2 ||Obj.: 36.348056 ||Vol.:  0.180 ||ch.: 91.680 ||r.:1000.000 
 It.:    3 ||Obj.: 35.443251 ||Vol.:  0.180 ||ch.: 15.000 ||r.:1000.000 
 It.:    4 ||Obj.: 33.865940 ||Vol.:  0.180 ||ch.: 21.000 ||r.:1000.000 
 It.:    5 ||Obj.: 30.882691 ||Vol.:  0.180 ||ch.: 32.000 ||r.:1000.000 
 It.:    6 ||Obj.: 23.248900 ||Vol.:  0.180 ||ch.: 25.000 ||r.:1000.000 
 It.:    7 ||Obj.:  2.155038 ||Vol.:  0.180 ||ch.: 35.000 ||r.:1000.000 
 It.:    8 ||Obj.: -1.554941 ||Vol.:  0.180 ||ch.: 35.000 ||r.:1000.000 
 It.:    9 ||Obj.: -3.980689 ||Vol.:  0.180 ||ch.: 30.000 ||r.:1000.000 
 It.:   10 ||Obj.: -5.053940 ||Vol.:  0.180 ||ch.: 59.000 ||r.:1000.000 
 It.:   11 ||Obj.: -6.175647 ||Vol.:  0.180 ||ch.: 29.000 ||r.:1000.000 
 It.:   12 ||Obj.: -7.276495 ||Vol.:  0.180 ||ch.: 25.000 ||r.:1000.000 
 It.:   13 ||Obj.: -7.513116 ||Vol.:  0.180 ||ch.: 20.000 ||r.:1000.000 
 It.:   14 ||Obj.: -7.743082 ||Vol.:  0.180 ||ch.: 10.000 ||r.:1000.000 
 It.:   15 ||Obj.: -7.952354 ||Vol.:  0.180 ||ch.:  7.000 ||r.:1000.000 
 It.:   16 ||Obj.: -8.016128 ||Vol.:  0.180 ||ch.:  9.000 ||r.:1000.000 
 It.:   17 ||Obj.: -8.038111 ||Vol.:  0.180 ||ch.:  2.000 ||r.:1000.000 
 It.:   18 ||Obj.: -8.050760 ||Vol.:  0.180 ||ch.:  2.000 ||r.:1000.000 
 It.:   19 ||Obj.: -8.063082 ||Vol.:  0.180 ||ch.:  1.000 ||r.:1000.000 
 It.:   20 ||Obj.: -8.067471 ||Vol.:  0.180 ||ch.:  1.000 ||r.:1000.000 
 It.:   21 ||Obj.: -8.070240 ||Vol.:  0.180 ||ch.:  1.000 ||r.:1000.000 
 It.:   22 ||Obj.: -8.076862 ||Vol.:  0.180 ||ch.:  1.000 ||r.:1000.000 
 It.:   23 ||Obj.: -8.081587 ||Vol.:  0.180 ||ch.:  2.000 ||r.:1000.000 
 It.:   24 ||Obj.: -8.240372 ||Vol.:  0.180 ||ch.: 38.000 ||r.:236813182043003260.000 
 It.:   25 ||Obj.: -8.335355 ||Vol.:  0.180 ||ch.: 39.000 ||r.:236813182043003260.000 
 It.:   26 ||Obj.: -8.409765 ||Vol.:  0.180 ||ch.: 27.000 ||r.:236813182043003260.000 
 It.:   27 ||Obj.: -8.467472 ||Vol.:  0.180 ||ch.: 23.000 ||r.:236813182043003260.000 
 It.:   28 ||Obj.: -8.517129 ||Vol.:  0.180 ||ch.: 25.000 ||r.:236813182043003260.000 
 It.:   29 ||Obj.: -8.551211 ||Vol.:  0.180 ||ch.: 12.000 ||r.:236813182043003260.000 
 It.:   30 ||Obj.: -8.578009 ||Vol.:  0.180 ||ch.: 12.000 ||r.:236813182043003260.000 
 It.:   31 ||Obj.: -8.599517 ||Vol.:  0.180 ||ch.:  5.000 ||r.:236813182043003260.000 
 It.:   32 ||Obj.: -8.619198 ||Vol.:  0.180 ||ch.:  5.000 ||r.:236813182043003260.000 
 It.:   33 ||Obj.: -8.639968 ||Vol.:  0.180 ||ch.: 11.000 ||r.:236813182043003260.000 
 It.:   34 ||Obj.: -8.648081 ||Vol.:  0.180 ||ch.: 33.000 ||r.:236813182043003260.000 
 It.:   35 ||Obj.: -8.623507 ||Vol.:  0.180 ||ch.: 21.000 ||r.:236813182043003260.000 
 It.:   36 ||Obj.: -8.623507 ||Vol.:  0.180 ||ch.: 21.000 ||r.:118406591021501650.000 
 It.:   37 ||Obj.: -8.623507 ||Vol.:  0.180 ||ch.: 21.000 ||r.:59203295510750848.000 
 It.:   38 ||Obj.: -8.623507 ||Vol.:  0.180 ||ch.: 21.000 ||r.:29601647755375448.000 
 It.:   39 ||Obj.: -8.623507 ||Vol.:  0.180 ||ch.: 21.000 ||r.:14800823877687748.000 
 It.:   40 ||Obj.: -8.623507 ||Vol.:  0.180 ||ch.: 21.000 ||r.:7400411938843897.000 
 It.:   41 ||Obj.: -8.623507 ||Vol.:  0.180 ||ch.: 21.000 ||r.:3700205969421972.000 
 It.:   42 ||Obj.: -8.623507 ||Vol.:  0.180 ||ch.: 21.000 ||r.:1850102984711009.500 
 It.:   43 ||Obj.: -8.623507 ||Vol.:  0.180 ||ch.: 21.000 ||r.:925051492355528.250 
 It.:   44 ||Obj.: -8.623507 ||Vol.:  0.180 ||ch.: 21.000 ||r.:462525746177787.620 
 It.:   45 ||Obj.: -8.623507 ||Vol.:  0.180 ||ch.: 21.000 ||r.:231262873088917.280 
 It.:   46 ||Obj.: -8.623507 ||Vol.:  0.180 ||ch.: 21.000 ||r.:115631436544482.110 
 It.:   47 ||Obj.: -8.623507 ||Vol.:  0.180 ||ch.: 21.000 ||r.:57815718272264.523 
 It.:   48 ||Obj.: -8.623507 ||Vol.:  0.180 ||ch.: 21.000 ||r.:28907859136155.734 
 It.:   49 ||Obj.: -8.623507 ||Vol.:  0.180 ||ch.: 21.000 ||r.:14453929568101.340 
 It.:   50 ||Obj.: -8.623507 ||Vol.:  0.180 ||ch.: 21.000 ||r.:7226964784074.142 
 It.:   51 ||Obj.: -8.623507 ||Vol.:  0.180 ||ch.: 21.000 ||r.:3613482392060.543 
 It.:   52 ||Obj.: -8.623507 ||Vol.:  0.180 ||ch.: 21.000 ||r.:1806741196053.743 
 It.:   53 ||Obj.: -8.623507 ||Vol.:  0.180 ||ch.: 21.000 ||r.:903370598050.344 
 It.:   54 ||Obj.: -8.623507 ||Vol.:  0.180 ||ch.: 21.000 ||r.:451685299048.644 
 It.:   55 ||Obj.: -8.623507 ||Vol.:  0.180 ||ch.: 21.000 ||r.:225842649547.794 
 It.:   56 ||Obj.: -8.623507 ||Vol.:  0.180 ||ch.: 21.000 ||r.:112921324797.369 
 It.:   57 ||Obj.: -8.623507 ||Vol.:  0.180 ||ch.: 21.000 ||r.:56460662422.156 
 It.:   58 ||Obj.: -8.623507 ||Vol.:  0.180 ||ch.: 21.000 ||r.:28230331234.550 
 It.:   59 ||Obj.: -8.623507 ||Vol.:  0.180 ||ch.: 21.000 ||r.:14115165640.747 
 It.:   60 ||Obj.: -8.623507 ||Vol.:  0.180 ||ch.: 21.000 ||r.:7057582843.845 
 It.:   61 ||Obj.: -8.623507 ||Vol.:  0.180 ||ch.: 21.000 ||r.:3528791445.395 
 It.:   62 ||Obj.: -8.623507 ||Vol.:  0.180 ||ch.: 21.000 ||r.:1764395746.169 
 It.:   63 ||Obj.: -8.623507 ||Vol.:  0.180 ||ch.: 21.000 ||r.:882197896.556 
 It.:   64 ||Obj.: -8.623507 ||Vol.:  0.180 ||ch.: 21.000 ||r.:441098971.750 
 It.:   65 ||Obj.: -8.623507 ||Vol.:  0.180 ||ch.: 21.000 ||r.:220549509.347 
 It.:   66 ||Obj.: -8.623507 ||Vol.:  0.180 ||ch.: 21.000 ||r.:110274778.145 
 It.:   67 ||Obj.: -8.623507 ||Vol.:  0.180 ||ch.: 21.000 ||r.:55137412.545 
 It.:   68 ||Obj.: -8.623507 ||Vol.:  0.180 ||ch.: 21.000 ||r.:27568729.744 
 It.:   69 ||Obj.: -8.623507 ||Vol.:  0.180 ||ch.: 21.000 ||r.:13784388.344 
 It.:   70 ||Obj.: -8.623507 ||Vol.:  0.180 ||ch.: 21.000 ||r.:6892217.644 
 It.:   71 ||Obj.: -8.623507 ||Vol.:  0.180 ||ch.: 21.000 ||r.:3446132.294 
 It.:   72 ||Obj.: -8.623507 ||Vol.:  0.180 ||ch.: 21.000 ||r.:1723089.619 
 It.:   73 ||Obj.: -8.623423 ||Vol.:  0.180 ||ch.: 21.000 ||r.:861568.281 
 It.:   74 ||Obj.: -8.623423 ||Vol.:  0.180 ||ch.: 21.000 ||r.:430807.613 
 It.:   75 ||Obj.: -8.623161 ||Vol.:  0.180 ||ch.: 20.000 ||r.:215427.278 
 It.:   76 ||Obj.: -8.622728 ||Vol.:  0.180 ||ch.: 18.000 ||r.:107737.111 
 It.:   77 ||Obj.: -8.621526 ||Vol.:  0.180 ||ch.: 13.000 ||r.:53892.027 
 It.:   78 ||Obj.: -8.618653 ||Vol.:  0.180 ||ch.:  9.000 ||r.:26969.486 
 It.:   79 ||Obj.: -8.615729 ||Vol.:  0.180 ||ch.:  3.000 ||r.:13508.215 
 It.:   80 ||Obj.: -8.615491 ||Vol.:  0.180 ||ch.:  3.000 ||r.:6777.579 
 It.:   81 ||Obj.: -8.614769 ||Vol.:  0.180 ||ch.:  3.000 ||r.:3412.261 
 It.:   82 ||Obj.: -8.614492 ||Vol.:  0.180 ||ch.:  2.000 ||r.:1729.603 
 It.:   83 ||Obj.: -8.613586 ||Vol.:  0.180 ||ch.:  2.000 ||r.:888.273 
 It.:   84 ||Obj.: -8.613586 ||Vol.:  0.180 ||ch.:  2.000 ||r.:467.608 
 It.:   85 ||Obj.: -8.613586 ||Vol.:  0.180 ||ch.:  2.000 ||r.:257.276 
 sharp interface energy:   -8.552036
--------------------------------------
--------------------------------------
